<?xml version="1.0" encoding="UTF-8"?>
<testsuite name="TestSuite" time="16.903" tests="5" errors="0" skipped="0" failures="0">
  <properties>
[...]
</properties>
  <testcase name="readyStateTest" classname="winapp.cti.qa.testcases.phonecontrol.AgentStatusTest" time="16.903"/>
  <testcase name="readyStateTest" classname="winapp.cti.qa.testcases.phonecontrol.AgentStatusTest" time="15.24"/>
  <testcase name="readyStateTest" classname="winapp.cti.qa.testcases.phonecontrol.AgentStatusTest" time="13.743"/>
  <testcase name="readyStateTest" classname="winapp.cti.qa.testcases.phonecontrol.AgentStatusTest" time="13.951"/>
  <testcase name="readyStateTest" classname="winapp.cti.qa.testcases.phonecontrol.AgentStatusTest" time="13.32"/>
</testsuite>