<?xml version="1.0" encoding="UTF-8"?>
<testng-results ignored="0" total="5" passed="5" failed="0" skipped="0">
  <reporter-output>
  </reporter-output>
  <suite started-at="2021-06-24T20:39:48 PDT" name="TestSuite" finished-at="2021-06-24T20:41:04 PDT" duration-ms="75999">
    <groups>
    </groups>
    <test started-at="2021-06-24T20:39:48 PDT" name="Spok CTI Client - Regression" finished-at="2021-06-24T20:41:04 PDT" duration-ms="75999">
      <class name="winapp.cti.qa.testcases.phonecontrol.AgentStatusTest">
        <test-method is-config="true" signature="beforeSuite(java.lang.String, java.lang.String)[pri:0, instance:winapp.cti.qa.testcases.phonecontrol.AgentStatusTest@7d20d0b]" started-at="2021-06-24T20:39:48 PDT" name="beforeSuite" finished-at="2021-06-24T20:39:48 PDT" duration-ms="29" status="PASS">
          <params>
            <param index="0">
              <value>
                <![CDATA[C:\Program Files (x86)\Amcom\bin\Spok CTI Client\SpokCTIClient.exe]]>
              </value>
            </param>
            <param index="1">
              <value>
                <![CDATA[C:\Program Files (x86)\3CXPhone\3CXPhone.exe]]>
              </value>
            </param>
          </params>
          <reporter-output>
          </reporter-output>
        </test-method> <!-- beforeSuite -->
        <test-method is-config="true" signature="beforeClass(java.lang.String)[pri:0, instance:winapp.cti.qa.testcases.phonecontrol.AgentStatusTest@7d20d0b]" started-at="2021-06-24T20:39:48 PDT" name="beforeClass" finished-at="2021-06-24T20:39:48 PDT" duration-ms="3" status="PASS">
          <params>
            <param index="0">
              <value>
                <![CDATA[]]>
              </value>
            </param>
          </params>
          <reporter-output>
          </reporter-output>
        </test-method> <!-- beforeClass -->
        <test-method signature="readyStateTest(java.lang.String, java.lang.String, java.lang.String, java.lang.String)[pri:0, instance:winapp.cti.qa.testcases.phonecontrol.AgentStatusTest@7d20d0b]" started-at="2021-06-24T20:39:50 PDT" name="readyStateTest" data-provider="inputs" finished-at="2021-06-24T20:40:07 PDT" duration-ms="16902" status="PASS">
          <params>
            <param index="0">
              <value>
                <![CDATA[Y]]>
              </value>
            </param>
            <param index="1">
              <value>
                <![CDATA[Ready]]>
              </value>
            </param>
            <param index="2">
              <value>
                <![CDATA[Success - 2021/06/24 09:34:39 (PDT)]]>
              </value>
            </param>
            <param index="3">
              <value>
                <![CDATA[1]]>
              </value>
            </param>
          </params>
          <reporter-output>
          </reporter-output>
        </test-method> <!-- readyStateTest -->
        <test-method is-config="true" signature="afterMethod(org.testng.ITestResult)[pri:0, instance:winapp.cti.qa.testcases.phonecontrol.AgentStatusTest@7d20d0b]" started-at="2021-06-24T20:40:07 PDT" name="afterMethod" finished-at="2021-06-24T20:40:07 PDT" duration-ms="588" status="PASS">
          <params>
            <param index="0">
              <value>
                <![CDATA[[TestResult name=readyStateTest status=SUCCESS method=AgentStatusTest.readyStateTest(java.lang.String, java.lang.String, java.lang.String, java.lang.String)[pri:0, instance:winapp.cti.qa.testcases.phonecontrol.AgentStatusTest@7d20d0b] output={null}]]]>
              </value>
            </param>
          </params>
          <reporter-output>
          </reporter-output>
        </test-method> <!-- afterMethod -->
        <test-method signature="readyStateTest(java.lang.String, java.lang.String, java.lang.String, java.lang.String)[pri:0, instance:winapp.cti.qa.testcases.phonecontrol.AgentStatusTest@7d20d0b]" started-at="2021-06-24T20:40:07 PDT" name="readyStateTest" data-provider="inputs" finished-at="2021-06-24T20:40:23 PDT" duration-ms="15239" status="PASS">
          <params>
            <param index="0">
              <value>
                <![CDATA[Y]]>
              </value>
            </param>
            <param index="1">
              <value>
                <![CDATA[Not-Ready]]>
              </value>
            </param>
            <param index="2">
              <value>
                <![CDATA[Success - 2021/06/24 09:35:01 (PDT)]]>
              </value>
            </param>
            <param index="3">
              <value>
                <![CDATA[2]]>
              </value>
            </param>
          </params>
          <reporter-output>
          </reporter-output>
        </test-method> <!-- readyStateTest -->
        <test-method is-config="true" signature="afterMethod(org.testng.ITestResult)[pri:0, instance:winapp.cti.qa.testcases.phonecontrol.AgentStatusTest@7d20d0b]" started-at="2021-06-24T20:40:23 PDT" name="afterMethod" finished-at="2021-06-24T20:40:23 PDT" duration-ms="310" status="PASS">
          <params>
            <param index="0">
              <value>
                <![CDATA[[TestResult name=readyStateTest status=SUCCESS method=AgentStatusTest.readyStateTest(java.lang.String, java.lang.String, java.lang.String, java.lang.String)[pri:0, instance:winapp.cti.qa.testcases.phonecontrol.AgentStatusTest@7d20d0b] output={null}]]]>
              </value>
            </param>
          </params>
          <reporter-output>
          </reporter-output>
        </test-method> <!-- afterMethod -->
        <test-method signature="readyStateTest(java.lang.String, java.lang.String, java.lang.String, java.lang.String)[pri:0, instance:winapp.cti.qa.testcases.phonecontrol.AgentStatusTest@7d20d0b]" started-at="2021-06-24T20:40:23 PDT" name="readyStateTest" data-provider="inputs" finished-at="2021-06-24T20:40:37 PDT" duration-ms="13741" status="PASS">
          <params>
            <param index="0">
              <value>
                <![CDATA[Y]]>
              </value>
            </param>
            <param index="1">
              <value>
                <![CDATA[Ready]]>
              </value>
            </param>
            <param index="2">
              <value>
                <![CDATA[Success - 2021/06/24 09:35:21 (PDT)]]>
              </value>
            </param>
            <param index="3">
              <value>
                <![CDATA[3]]>
              </value>
            </param>
          </params>
          <reporter-output>
          </reporter-output>
        </test-method> <!-- readyStateTest -->
        <test-method is-config="true" signature="afterMethod(org.testng.ITestResult)[pri:0, instance:winapp.cti.qa.testcases.phonecontrol.AgentStatusTest@7d20d0b]" started-at="2021-06-24T20:40:37 PDT" name="afterMethod" finished-at="2021-06-24T20:40:37 PDT" duration-ms="205" status="PASS">
          <params>
            <param index="0">
              <value>
                <![CDATA[[TestResult name=readyStateTest status=SUCCESS method=AgentStatusTest.readyStateTest(java.lang.String, java.lang.String, java.lang.String, java.lang.String)[pri:0, instance:winapp.cti.qa.testcases.phonecontrol.AgentStatusTest@7d20d0b] output={null}]]]>
              </value>
            </param>
          </params>
          <reporter-output>
          </reporter-output>
        </test-method> <!-- afterMethod -->
        <test-method signature="readyStateTest(java.lang.String, java.lang.String, java.lang.String, java.lang.String)[pri:0, instance:winapp.cti.qa.testcases.phonecontrol.AgentStatusTest@7d20d0b]" started-at="2021-06-24T20:40:37 PDT" name="readyStateTest" data-provider="inputs" finished-at="2021-06-24T20:40:51 PDT" duration-ms="13930" status="PASS">
          <params>
            <param index="0">
              <value>
                <![CDATA[Y]]>
              </value>
            </param>
            <param index="1">
              <value>
                <![CDATA[Work]]>
              </value>
            </param>
            <param index="2">
              <value>
                <![CDATA[Success - 2021/06/24 09:35:42 (PDT)]]>
              </value>
            </param>
            <param index="3">
              <value>
                <![CDATA[4]]>
              </value>
            </param>
          </params>
          <reporter-output>
          </reporter-output>
        </test-method> <!-- readyStateTest -->
        <test-method is-config="true" signature="afterMethod(org.testng.ITestResult)[pri:0, instance:winapp.cti.qa.testcases.phonecontrol.AgentStatusTest@7d20d0b]" started-at="2021-06-24T20:40:51 PDT" name="afterMethod" finished-at="2021-06-24T20:40:51 PDT" duration-ms="217" status="PASS">
          <params>
            <param index="0">
              <value>
                <![CDATA[[TestResult name=readyStateTest status=SUCCESS method=AgentStatusTest.readyStateTest(java.lang.String, java.lang.String, java.lang.String, java.lang.String)[pri:0, instance:winapp.cti.qa.testcases.phonecontrol.AgentStatusTest@7d20d0b] output={null}]]]>
              </value>
            </param>
          </params>
          <reporter-output>
          </reporter-output>
        </test-method> <!-- afterMethod -->
        <test-method signature="readyStateTest(java.lang.String, java.lang.String, java.lang.String, java.lang.String)[pri:0, instance:winapp.cti.qa.testcases.phonecontrol.AgentStatusTest@7d20d0b]" started-at="2021-06-24T20:40:51 PDT" name="readyStateTest" data-provider="inputs" finished-at="2021-06-24T20:41:04 PDT" duration-ms="13285" status="PASS">
          <params>
            <param index="0">
              <value>
                <![CDATA[Y]]>
              </value>
            </param>
            <param index="1">
              <value>
                <![CDATA[Ready]]>
              </value>
            </param>
            <param index="2">
              <value>
                <![CDATA[Success - 2021/06/24 09:36:03 (PDT)]]>
              </value>
            </param>
            <param index="3">
              <value>
                <![CDATA[5]]>
              </value>
            </param>
          </params>
          <reporter-output>
          </reporter-output>
        </test-method> <!-- readyStateTest -->
        <test-method is-config="true" signature="afterMethod(org.testng.ITestResult)[pri:0, instance:winapp.cti.qa.testcases.phonecontrol.AgentStatusTest@7d20d0b]" started-at="2021-06-24T20:41:04 PDT" name="afterMethod" finished-at="2021-06-24T20:41:04 PDT" duration-ms="189" status="PASS">
          <params>
            <param index="0">
              <value>
                <![CDATA[[TestResult name=readyStateTest status=SUCCESS method=AgentStatusTest.readyStateTest(java.lang.String, java.lang.String, java.lang.String, java.lang.String)[pri:0, instance:winapp.cti.qa.testcases.phonecontrol.AgentStatusTest@7d20d0b] output={null}]]]>
              </value>
            </param>
          </params>
          <reporter-output>
          </reporter-output>
        </test-method> <!-- afterMethod -->
        <test-method is-config="true" signature="afterSuite()[pri:0, instance:winapp.cti.qa.testcases.phonecontrol.AgentStatusTest@7d20d0b]" started-at="2021-06-24T20:41:04 PDT" name="afterSuite" finished-at="2021-06-24T20:41:04 PDT" duration-ms="0" status="PASS">
          <reporter-output>
          </reporter-output>
        </test-method> <!-- afterSuite -->
      </class> <!-- winapp.cti.qa.testcases.phonecontrol.AgentStatusTest -->
    </test> <!-- Spok CTI Client - Regression -->
  </suite> <!-- TestSuite -->
</testng-results>
