<?xml version="1.0" encoding="UTF-8"?>
<!-- Generated by org.testng.reporters.JUnitXMLReporter -->
<testsuite ignored="8" hostname="AutoCTIClient" failures="0" tests="8" name="CTI Regression" time="2141.474" errors="0" timestamp="2021-06-20T18:48:19 CDT">
  <testcase classname="winapp.cti.qa.testcases.applications.InitializeApplications" name="initializeApplications" time="321.506"/>
  <testcase classname="winapp.cti.qa.testcases.callcontrol.OutgoingCallTest" name="receiveLineTest" time="71.168"/>
  <testcase classname="winapp.cti.qa.testcases.callcontrol.TransferCallTest" name="transferCall" time="370.904"/>
  <testcase classname="winapp.cti.qa.testcases.callcontrol.TransferCallTest" name="transferCall" time="192.635"/>
  <testcase classname="winapp.cti.qa.testcases.callcontrol.BlindTransferCallTest" name="transferCall" time="322.627"/>
  <testcase classname="winapp.cti.qa.testcases.callcontrol.BlindTransferCallTest" name="transferCall" time="146.801"/>
  <testcase classname="winapp.cti.qa.testcases.callcontrol.ConferenceCallTest" name="transferCall" time="407.733"/>
  <testcase classname="winapp.cti.qa.testcases.callcontrol.ConferenceCallTest" name="transferCall" time="241.743"/>
  <testcase classname="winapp.cti.qa.base.TestBase" name="@BeforeSuite beforeSuite" time="0.0">
    <ignored/>
  </testcase> <!-- @BeforeSuite beforeSuite -->
  <testcase classname="winapp.cti.qa.base.TestBase" name="@BeforeSuite beforeSuite" time="0.0">
    <ignored/>
  </testcase> <!-- @BeforeSuite beforeSuite -->
  <testcase classname="winapp.cti.qa.base.TestBase" name="@BeforeSuite beforeSuite" time="0.0">
    <ignored/>
  </testcase> <!-- @BeforeSuite beforeSuite -->
  <testcase classname="winapp.cti.qa.base.TestBase" name="@BeforeSuite beforeSuite" time="0.0">
    <ignored/>
  </testcase> <!-- @BeforeSuite beforeSuite -->
  <testcase classname="winapp.cti.qa.base.TestBase" name="@AfterSuite afterSuite" time="0.0">
    <ignored/>
  </testcase> <!-- @AfterSuite afterSuite -->
  <testcase classname="winapp.cti.qa.base.TestBase" name="@AfterSuite afterSuite" time="0.0">
    <ignored/>
  </testcase> <!-- @AfterSuite afterSuite -->
  <testcase classname="winapp.cti.qa.base.TestBase" name="@AfterSuite afterSuite" time="0.0">
    <ignored/>
  </testcase> <!-- @AfterSuite afterSuite -->
  <testcase classname="winapp.cti.qa.base.TestBase" name="@AfterSuite afterSuite" time="0.0">
    <ignored/>
  </testcase> <!-- @AfterSuite afterSuite -->
</testsuite> <!-- CTI Regression -->
