<?xml version="1.0" encoding="UTF-8"?>
<!-- Generated by org.testng.reporters.JUnitXMLReporter -->
<testsuite ignored="0" hostname="CAMBROSIA-VM" failures="0" tests="5" name="Spok CTI Client - Regression" time="62.448" errors="0" timestamp="2021-06-23T15:28:16 PDT">
  <testcase classname="winapp.cti.qa.testcases.phonecontrol.AgentStatusTest" name="readyStateTest" time="13.86"/>
  <testcase classname="winapp.cti.qa.testcases.phonecontrol.AgentStatusTest" name="readyStateTest" time="12.367"/>
  <testcase classname="winapp.cti.qa.testcases.phonecontrol.AgentStatusTest" name="readyStateTest" time="11.133"/>
  <testcase classname="winapp.cti.qa.testcases.phonecontrol.AgentStatusTest" name="readyStateTest" time="11.64"/>
  <testcase classname="winapp.cti.qa.testcases.phonecontrol.AgentStatusTest" name="readyStateTest" time="10.898"/>
</testsuite> <!-- Spok CTI Client - Regression -->
